-------------------------------------------------------------------------------
Test set: TestSuite
-------------------------------------------------------------------------------
Tests run: 2, Failures: 1, Errors: 0, Skipped: 1, Time elapsed: 7.184 s <<< FAILURE! - in TestSuite
verifyPageTitle(tests.HomePageTests)  Time elapsed: 0.002 s  <<< FAILURE!
java.lang.NullPointerException
	at tests.HomePageTests.verifyPageTitle(HomePageTests.java:28)

