<?xml version="1.0" encoding="UTF-8"?>
<!-- Generated by org.testng.reporters.JUnitXMLReporter -->
<testsuite hostname="user-PC" ignored="0" name="Test" tests="2" failures="1" timestamp="06 Jun 2019 08:02:13 GMT" time="6.623" errors="0">
  <testcase name="verifyPageTitle" time="0.001" classname="tests.HomePageTests">
    <failure type="java.lang.NullPointerException">
      <![CDATA[java.lang.NullPointerException
at tests.HomePageTests.verifyPageTitle(HomePageTests.java:28)
... Removed 29 stack frames]]>
    </failure>
  </testcase> <!-- verifyPageTitle -->
  <testcase name="verfiyRegisterPresence" time="0.0" classname="tests.HomePageTests">
    <skipped/>
  </testcase> <!-- verfiyRegisterPresence -->
</testsuite> <!-- Test -->
